[0.037s] Invoking command in '/home/aron-larsen/gigaProject/GigaProsjekt/build/bringup': CMAKE_PREFIX_PATH=${CMAKE_PREFIX_PATH}:/opt/ros/jazzy DEBUGINFOD_URLS=https://debuginfod.ubuntu.com /usr/bin/cmake /home/aron-larsen/gigaProject/GigaProsjekt/ROSCode/src/bringup -DCMAKE_INSTALL_PREFIX=/home/aron-larsen/gigaProject/GigaProsjekt/install/bringup
[0.392s] -- The C compiler identification is GNU 13.3.0
[0.392s] -- The CXX compiler identification is GNU 13.3.0
[0.392s] -- Detecting C compiler ABI info
[0.421s] -- Detecting C compiler ABI info - done
[0.430s] -- Check for working C compiler: /usr/bin/cc - skipped
[0.431s] -- Detecting C compile features
[0.432s] -- Detecting C compile features - done
[0.445s] -- Detecting CXX compiler ABI info
[0.572s] -- Detecting CXX compiler ABI info - done
[0.582s] -- Check for working CXX compiler: /usr/bin/c++ - skipped
[0.583s] -- Detecting CXX compile features
[0.583s] -- Detecting CXX compile features - done
[0.595s] -- Found ament_cmake: 2.5.3 (/opt/ros/jazzy/share/ament_cmake/cmake)
[0.776s] -- Found Python3: /usr/bin/python3 (found version "3.12.3") found components: Interpreter 
[0.926s] -- Found ament_lint_auto: 0.17.1 (/opt/ros/jazzy/share/ament_lint_auto/cmake)
[1.070s] -- Added test 'flake8' to check Python code syntax and style conventions
[1.070s] -- Configured 'flake8' exclude dirs and/or files: 
[1.071s] -- Added test 'lint_cmake' to check CMake code style
[1.072s] -- Added test 'pep257' to check Python code against some of the docstring style conventions in PEP 257
[1.074s] -- Added test 'xmllint' to check XML markup files
[1.077s] -- Configuring done (1.0s)
[1.082s] -- Generating done (0.0s)
[1.085s] -- Build files have been written to: /home/aron-larsen/gigaProject/GigaProsjekt/build/bringup
[1.093s] Invoked command in '/home/aron-larsen/gigaProject/GigaProsjekt/build/bringup' returned '0': CMAKE_PREFIX_PATH=${CMAKE_PREFIX_PATH}:/opt/ros/jazzy DEBUGINFOD_URLS=https://debuginfod.ubuntu.com /usr/bin/cmake /home/aron-larsen/gigaProject/GigaProsjekt/ROSCode/src/bringup -DCMAKE_INSTALL_PREFIX=/home/aron-larsen/gigaProject/GigaProsjekt/install/bringup
[1.094s] Invoking command in '/home/aron-larsen/gigaProject/GigaProsjekt/build/bringup': CMAKE_PREFIX_PATH=${CMAKE_PREFIX_PATH}:/opt/ros/jazzy DEBUGINFOD_URLS=https://debuginfod.ubuntu.com /usr/bin/cmake --build /home/aron-larsen/gigaProject/GigaProsjekt/build/bringup -- -j8 -l8
[1.144s] Invoked command in '/home/aron-larsen/gigaProject/GigaProsjekt/build/bringup' returned '0': CMAKE_PREFIX_PATH=${CMAKE_PREFIX_PATH}:/opt/ros/jazzy DEBUGINFOD_URLS=https://debuginfod.ubuntu.com /usr/bin/cmake --build /home/aron-larsen/gigaProject/GigaProsjekt/build/bringup -- -j8 -l8
[1.156s] Invoking command in '/home/aron-larsen/gigaProject/GigaProsjekt/build/bringup': CMAKE_PREFIX_PATH=${CMAKE_PREFIX_PATH}:/opt/ros/jazzy DEBUGINFOD_URLS=https://debuginfod.ubuntu.com /usr/bin/cmake --install /home/aron-larsen/gigaProject/GigaProsjekt/build/bringup
[1.165s] -- Install configuration: ""
[1.166s] -- Installing: /home/aron-larsen/gigaProject/GigaProsjekt/install/bringup/share/bringup//launch
[1.166s] -- Installing: /home/aron-larsen/gigaProject/GigaProsjekt/install/bringup/share/bringup//launch/project.launch.py
[1.166s] -- Installing: /home/aron-larsen/gigaProject/GigaProsjekt/install/bringup/share/ament_index/resource_index/package_run_dependencies/bringup
[1.166s] -- Installing: /home/aron-larsen/gigaProject/GigaProsjekt/install/bringup/share/ament_index/resource_index/parent_prefix_path/bringup
[1.166s] -- Installing: /home/aron-larsen/gigaProject/GigaProsjekt/install/bringup/share/bringup/environment/ament_prefix_path.sh
[1.167s] -- Installing: /home/aron-larsen/gigaProject/GigaProsjekt/install/bringup/share/bringup/environment/ament_prefix_path.dsv
[1.167s] -- Installing: /home/aron-larsen/gigaProject/GigaProsjekt/install/bringup/share/bringup/environment/path.sh
[1.167s] -- Installing: /home/aron-larsen/gigaProject/GigaProsjekt/install/bringup/share/bringup/environment/path.dsv
[1.167s] -- Installing: /home/aron-larsen/gigaProject/GigaProsjekt/install/bringup/share/bringup/local_setup.bash
[1.167s] -- Installing: /home/aron-larsen/gigaProject/GigaProsjekt/install/bringup/share/bringup/local_setup.sh
[1.167s] -- Installing: /home/aron-larsen/gigaProject/GigaProsjekt/install/bringup/share/bringup/local_setup.zsh
[1.168s] -- Installing: /home/aron-larsen/gigaProject/GigaProsjekt/install/bringup/share/bringup/local_setup.dsv
[1.168s] -- Installing: /home/aron-larsen/gigaProject/GigaProsjekt/install/bringup/share/bringup/package.dsv
[1.168s] -- Installing: /home/aron-larsen/gigaProject/GigaProsjekt/install/bringup/share/ament_index/resource_index/packages/bringup
[1.168s] -- Installing: /home/aron-larsen/gigaProject/GigaProsjekt/install/bringup/share/bringup/cmake/bringupConfig.cmake
[1.168s] -- Installing: /home/aron-larsen/gigaProject/GigaProsjekt/install/bringup/share/bringup/cmake/bringupConfig-version.cmake
[1.169s] -- Installing: /home/aron-larsen/gigaProject/GigaProsjekt/install/bringup/share/bringup/package.xml
[1.171s] Invoked command in '/home/aron-larsen/gigaProject/GigaProsjekt/build/bringup' returned '0': CMAKE_PREFIX_PATH=${CMAKE_PREFIX_PATH}:/opt/ros/jazzy DEBUGINFOD_URLS=https://debuginfod.ubuntu.com /usr/bin/cmake --install /home/aron-larsen/gigaProject/GigaProsjekt/build/bringup
