[1.009s] Invoking command in '/home/aron-larsen/gigaProject/GigaProsjekt/ROSCode/src/cameraDetection': DEBUGINFOD_URLS=https://debuginfod.ubuntu.com PYTHONPATH=/home/aron-larsen/gigaProject/GigaProsjekt/build/cameraDetection/prefix_override:/usr/lib/python3/dist-packages/colcon_core/task/python/colcon_distutils_commands:/home/aron-larsen/gigaProject/GigaProsjekt/install/cameraDetection/lib/python3.12/site-packages:${PYTHONPATH} /usr/bin/python3 -W ignore:setup.py install is deprecated -W ignore:easy_install command is deprecated setup.py egg_info --egg-base ../../../build/cameraDetection build --build-base /home/aron-larsen/gigaProject/GigaProsjekt/build/cameraDetection/build install --record /home/aron-larsen/gigaProject/GigaProsjekt/build/cameraDetection/install.log --single-version-externally-managed install_data
[1.266s] running egg_info
[1.266s] creating ../../../build/cameraDetection/cameraDetection.egg-info
[1.285s] writing ../../../build/cameraDetection/cameraDetection.egg-info/PKG-INFO
[1.285s] writing dependency_links to ../../../build/cameraDetection/cameraDetection.egg-info/dependency_links.txt
[1.286s] writing entry points to ../../../build/cameraDetection/cameraDetection.egg-info/entry_points.txt
[1.286s] writing requirements to ../../../build/cameraDetection/cameraDetection.egg-info/requires.txt
[1.286s] writing top-level names to ../../../build/cameraDetection/cameraDetection.egg-info/top_level.txt
[1.286s] writing manifest file '../../../build/cameraDetection/cameraDetection.egg-info/SOURCES.txt'
[1.324s] reading manifest file '../../../build/cameraDetection/cameraDetection.egg-info/SOURCES.txt'
[1.325s] writing manifest file '../../../build/cameraDetection/cameraDetection.egg-info/SOURCES.txt'
[1.325s] running build
[1.325s] running build_py
[1.325s] creating /home/aron-larsen/gigaProject/GigaProsjekt/build/cameraDetection/build
[1.326s] creating /home/aron-larsen/gigaProject/GigaProsjekt/build/cameraDetection/build/lib
[1.326s] creating /home/aron-larsen/gigaProject/GigaProsjekt/build/cameraDetection/build/lib/cameraDetection
[1.326s] copying cameraDetection/calibration.py -> /home/aron-larsen/gigaProject/GigaProsjekt/build/cameraDetection/build/lib/cameraDetection
[1.326s] copying cameraDetection/camera.py -> /home/aron-larsen/gigaProject/GigaProsjekt/build/cameraDetection/build/lib/cameraDetection
[1.326s] copying cameraDetection/__init__.py -> /home/aron-larsen/gigaProject/GigaProsjekt/build/cameraDetection/build/lib/cameraDetection
[1.326s] running install
[1.331s] running install_lib
[1.350s] creating /home/aron-larsen/gigaProject/GigaProsjekt/install/cameraDetection/lib/python3.12/site-packages/cameraDetection
[1.351s] copying /home/aron-larsen/gigaProject/GigaProsjekt/build/cameraDetection/build/lib/cameraDetection/calibration.py -> /home/aron-larsen/gigaProject/GigaProsjekt/install/cameraDetection/lib/python3.12/site-packages/cameraDetection
[1.351s] copying /home/aron-larsen/gigaProject/GigaProsjekt/build/cameraDetection/build/lib/cameraDetection/camera.py -> /home/aron-larsen/gigaProject/GigaProsjekt/install/cameraDetection/lib/python3.12/site-packages/cameraDetection
[1.351s] copying /home/aron-larsen/gigaProject/GigaProsjekt/build/cameraDetection/build/lib/cameraDetection/__init__.py -> /home/aron-larsen/gigaProject/GigaProsjekt/install/cameraDetection/lib/python3.12/site-packages/cameraDetection
[1.351s] byte-compiling /home/aron-larsen/gigaProject/GigaProsjekt/install/cameraDetection/lib/python3.12/site-packages/cameraDetection/calibration.py to calibration.cpython-312.pyc
[1.352s] byte-compiling /home/aron-larsen/gigaProject/GigaProsjekt/install/cameraDetection/lib/python3.12/site-packages/cameraDetection/camera.py to camera.cpython-312.pyc
[1.353s] byte-compiling /home/aron-larsen/gigaProject/GigaProsjekt/install/cameraDetection/lib/python3.12/site-packages/cameraDetection/__init__.py to __init__.cpython-312.pyc
[1.353s] running install_data
[1.353s] creating /home/aron-larsen/gigaProject/GigaProsjekt/install/cameraDetection/share/ament_index
[1.353s] creating /home/aron-larsen/gigaProject/GigaProsjekt/install/cameraDetection/share/ament_index/resource_index
[1.353s] creating /home/aron-larsen/gigaProject/GigaProsjekt/install/cameraDetection/share/ament_index/resource_index/packages
[1.353s] copying resource/cameraDetection -> /home/aron-larsen/gigaProject/GigaProsjekt/install/cameraDetection/share/ament_index/resource_index/packages
[1.353s] copying package.xml -> /home/aron-larsen/gigaProject/GigaProsjekt/install/cameraDetection/share/cameraDetection
[1.353s] running install_egg_info
[1.374s] Copying ../../../build/cameraDetection/cameraDetection.egg-info to /home/aron-larsen/gigaProject/GigaProsjekt/install/cameraDetection/lib/python3.12/site-packages/cameraDetection-0.0.0-py3.12.egg-info
[1.375s] running install_scripts
[1.505s] Installing calibartion script to /home/aron-larsen/gigaProject/GigaProsjekt/install/cameraDetection/lib/cameraDetection
[1.506s] Installing camera script to /home/aron-larsen/gigaProject/GigaProsjekt/install/cameraDetection/lib/cameraDetection
[1.506s] writing list of installed files to '/home/aron-larsen/gigaProject/GigaProsjekt/build/cameraDetection/install.log'
[1.551s] Invoked command in '/home/aron-larsen/gigaProject/GigaProsjekt/ROSCode/src/cameraDetection' returned '0': DEBUGINFOD_URLS=https://debuginfod.ubuntu.com PYTHONPATH=/home/aron-larsen/gigaProject/GigaProsjekt/build/cameraDetection/prefix_override:/usr/lib/python3/dist-packages/colcon_core/task/python/colcon_distutils_commands:/home/aron-larsen/gigaProject/GigaProsjekt/install/cameraDetection/lib/python3.12/site-packages:${PYTHONPATH} /usr/bin/python3 -W ignore:setup.py install is deprecated -W ignore:easy_install command is deprecated setup.py egg_info --egg-base ../../../build/cameraDetection build --build-base /home/aron-larsen/gigaProject/GigaProsjekt/build/cameraDetection/build install --record /home/aron-larsen/gigaProject/GigaProsjekt/build/cameraDetection/install.log --single-version-externally-managed install_data
