[0.994s] Invoking command in '/home/aron-larsen/gigaProject/GigaProsjekt/ROSCode/src/camera_detection': DEBUGINFOD_URLS=https://debuginfod.ubuntu.com PYTHONPATH=/home/aron-larsen/gigaProject/GigaProsjekt/build/camera_detection/prefix_override:/usr/lib/python3/dist-packages/colcon_core/task/python/colcon_distutils_commands:/home/aron-larsen/gigaProject/GigaProsjekt/install/camera_detection/lib/python3.12/site-packages:${PYTHONPATH} /usr/bin/python3 -W ignore:setup.py install is deprecated -W ignore:easy_install command is deprecated setup.py egg_info --egg-base ../../../build/camera_detection build --build-base /home/aron-larsen/gigaProject/GigaProsjekt/build/camera_detection/build install --record /home/aron-larsen/gigaProject/GigaProsjekt/build/camera_detection/install.log --single-version-externally-managed install_data
[1.276s] running egg_info
[1.295s] writing ../../../build/camera_detection/camera_detection.egg-info/PKG-INFO
[1.295s] writing dependency_links to ../../../build/camera_detection/camera_detection.egg-info/dependency_links.txt
[1.296s] writing entry points to ../../../build/camera_detection/camera_detection.egg-info/entry_points.txt
[1.296s] writing requirements to ../../../build/camera_detection/camera_detection.egg-info/requires.txt
[1.296s] writing top-level names to ../../../build/camera_detection/camera_detection.egg-info/top_level.txt
[1.334s] reading manifest file '../../../build/camera_detection/camera_detection.egg-info/SOURCES.txt'
[1.335s] writing manifest file '../../../build/camera_detection/camera_detection.egg-info/SOURCES.txt'
[1.335s] running build
[1.336s] running build_py
[1.336s] running install
[1.341s] running install_lib
[1.361s] running install_data
[1.361s] running install_egg_info
[1.382s] removing '/home/aron-larsen/gigaProject/GigaProsjekt/install/camera_detection/lib/python3.12/site-packages/camera_detection-0.0.0-py3.12.egg-info' (and everything under it)
[1.382s] Copying ../../../build/camera_detection/camera_detection.egg-info to /home/aron-larsen/gigaProject/GigaProsjekt/install/camera_detection/lib/python3.12/site-packages/camera_detection-0.0.0-py3.12.egg-info
[1.383s] running install_scripts
[1.517s] Installing calibration script to /home/aron-larsen/gigaProject/GigaProsjekt/install/camera_detection/lib/camera_detection
[1.518s] Installing detection_node script to /home/aron-larsen/gigaProject/GigaProsjekt/install/camera_detection/lib/camera_detection
[1.518s] writing list of installed files to '/home/aron-larsen/gigaProject/GigaProsjekt/build/camera_detection/install.log'
[1.564s] Invoked command in '/home/aron-larsen/gigaProject/GigaProsjekt/ROSCode/src/camera_detection' returned '0': DEBUGINFOD_URLS=https://debuginfod.ubuntu.com PYTHONPATH=/home/aron-larsen/gigaProject/GigaProsjekt/build/camera_detection/prefix_override:/usr/lib/python3/dist-packages/colcon_core/task/python/colcon_distutils_commands:/home/aron-larsen/gigaProject/GigaProsjekt/install/camera_detection/lib/python3.12/site-packages:${PYTHONPATH} /usr/bin/python3 -W ignore:setup.py install is deprecated -W ignore:easy_install command is deprecated setup.py egg_info --egg-base ../../../build/camera_detection build --build-base /home/aron-larsen/gigaProject/GigaProsjekt/build/camera_detection/build install --record /home/aron-larsen/gigaProject/GigaProsjekt/build/camera_detection/install.log --single-version-externally-managed install_data
