[0.029s] Invoking command in '/home/aron-larsen/gigaProject/GigaProsjekt/build/bringup': CMAKE_PREFIX_PATH=${CMAKE_PREFIX_PATH}:/home/aron-larsen/gigaProject/GigaProsjekt/install/camera_detection:/opt/ros/jazzy DEBUGINFOD_URLS=https://debuginfod.ubuntu.com /usr/bin/cmake --build /home/aron-larsen/gigaProject/GigaProsjekt/build/bringup -- -j8 -l8
[0.310s] Invoked command in '/home/aron-larsen/gigaProject/GigaProsjekt/build/bringup' returned '0': CMAKE_PREFIX_PATH=${CMAKE_PREFIX_PATH}:/home/aron-larsen/gigaProject/GigaProsjekt/install/camera_detection:/opt/ros/jazzy DEBUGINFOD_URLS=https://debuginfod.ubuntu.com /usr/bin/cmake --build /home/aron-larsen/gigaProject/GigaProsjekt/build/bringup -- -j8 -l8
[0.323s] Invoking command in '/home/aron-larsen/gigaProject/GigaProsjekt/build/bringup': CMAKE_PREFIX_PATH=${CMAKE_PREFIX_PATH}:/home/aron-larsen/gigaProject/GigaProsjekt/install/camera_detection:/opt/ros/jazzy DEBUGINFOD_URLS=https://debuginfod.ubuntu.com /usr/bin/cmake --install /home/aron-larsen/gigaProject/GigaProsjekt/build/bringup
[0.337s] -- Install configuration: ""
[0.338s] -- Up-to-date: /home/aron-larsen/gigaProject/GigaProsjekt/install/bringup/share/bringup//launch
[0.338s] -- Up-to-date: /home/aron-larsen/gigaProject/GigaProsjekt/install/bringup/share/bringup//launch/project.launch.py
[0.338s] -- Up-to-date: /home/aron-larsen/gigaProject/GigaProsjekt/install/bringup/share/ament_index/resource_index/package_run_dependencies/bringup
[0.338s] -- Up-to-date: /home/aron-larsen/gigaProject/GigaProsjekt/install/bringup/share/ament_index/resource_index/parent_prefix_path/bringup
[0.338s] -- Up-to-date: /home/aron-larsen/gigaProject/GigaProsjekt/install/bringup/share/bringup/environment/ament_prefix_path.sh
[0.338s] -- Up-to-date: /home/aron-larsen/gigaProject/GigaProsjekt/install/bringup/share/bringup/environment/ament_prefix_path.dsv
[0.338s] -- Up-to-date: /home/aron-larsen/gigaProject/GigaProsjekt/install/bringup/share/bringup/environment/path.sh
[0.338s] -- Up-to-date: /home/aron-larsen/gigaProject/GigaProsjekt/install/bringup/share/bringup/environment/path.dsv
[0.338s] -- Up-to-date: /home/aron-larsen/gigaProject/GigaProsjekt/install/bringup/share/bringup/local_setup.bash
[0.339s] -- Up-to-date: /home/aron-larsen/gigaProject/GigaProsjekt/install/bringup/share/bringup/local_setup.sh
[0.339s] -- Up-to-date: /home/aron-larsen/gigaProject/GigaProsjekt/install/bringup/share/bringup/local_setup.zsh
[0.339s] -- Up-to-date: /home/aron-larsen/gigaProject/GigaProsjekt/install/bringup/share/bringup/local_setup.dsv
[0.339s] -- Up-to-date: /home/aron-larsen/gigaProject/GigaProsjekt/install/bringup/share/bringup/package.dsv
[0.339s] -- Up-to-date: /home/aron-larsen/gigaProject/GigaProsjekt/install/bringup/share/ament_index/resource_index/packages/bringup
[0.339s] -- Up-to-date: /home/aron-larsen/gigaProject/GigaProsjekt/install/bringup/share/bringup/cmake/bringupConfig.cmake
[0.339s] -- Up-to-date: /home/aron-larsen/gigaProject/GigaProsjekt/install/bringup/share/bringup/cmake/bringupConfig-version.cmake
[0.339s] -- Up-to-date: /home/aron-larsen/gigaProject/GigaProsjekt/install/bringup/share/bringup/package.xml
[0.342s] Invoked command in '/home/aron-larsen/gigaProject/GigaProsjekt/build/bringup' returned '0': CMAKE_PREFIX_PATH=${CMAKE_PREFIX_PATH}:/home/aron-larsen/gigaProject/GigaProsjekt/install/camera_detection:/opt/ros/jazzy DEBUGINFOD_URLS=https://debuginfod.ubuntu.com /usr/bin/cmake --install /home/aron-larsen/gigaProject/GigaProsjekt/build/bringup
