running egg_info
creating ../../../build/camera_detection/camera_detection.egg-info
writing ../../../build/camera_detection/camera_detection.egg-info/PKG-INFO
writing dependency_links to ../../../build/camera_detection/camera_detection.egg-info/dependency_links.txt
writing entry points to ../../../build/camera_detection/camera_detection.egg-info/entry_points.txt
writing requirements to ../../../build/camera_detection/camera_detection.egg-info/requires.txt
writing top-level names to ../../../build/camera_detection/camera_detection.egg-info/top_level.txt
writing manifest file '../../../build/camera_detection/camera_detection.egg-info/SOURCES.txt'
reading manifest file '../../../build/camera_detection/camera_detection.egg-info/SOURCES.txt'
writing manifest file '../../../build/camera_detection/camera_detection.egg-info/SOURCES.txt'
running build
running build_py
creating /home/aron-larsen/gigaProject/GigaProsjekt/build/camera_detection/build
creating /home/aron-larsen/gigaProject/GigaProsjekt/build/camera_detection/build/lib
creating /home/aron-larsen/gigaProject/GigaProsjekt/build/camera_detection/build/lib/camera_detection
copying camera_detection/calibration.py -> /home/aron-larsen/gigaProject/GigaProsjekt/build/camera_detection/build/lib/camera_detection
copying camera_detection/detection_node.py -> /home/aron-larsen/gigaProject/GigaProsjekt/build/camera_detection/build/lib/camera_detection
copying camera_detection/__init__.py -> /home/aron-larsen/gigaProject/GigaProsjekt/build/camera_detection/build/lib/camera_detection
running install
running install_lib
creating /home/aron-larsen/gigaProject/GigaProsjekt/install/camera_detection/lib/python3.12/site-packages/camera_detection
copying /home/aron-larsen/gigaProject/GigaProsjekt/build/camera_detection/build/lib/camera_detection/calibration.py -> /home/aron-larsen/gigaProject/GigaProsjekt/install/camera_detection/lib/python3.12/site-packages/camera_detection
copying /home/aron-larsen/gigaProject/GigaProsjekt/build/camera_detection/build/lib/camera_detection/detection_node.py -> /home/aron-larsen/gigaProject/GigaProsjekt/install/camera_detection/lib/python3.12/site-packages/camera_detection
copying /home/aron-larsen/gigaProject/GigaProsjekt/build/camera_detection/build/lib/camera_detection/__init__.py -> /home/aron-larsen/gigaProject/GigaProsjekt/install/camera_detection/lib/python3.12/site-packages/camera_detection
byte-compiling /home/aron-larsen/gigaProject/GigaProsjekt/install/camera_detection/lib/python3.12/site-packages/camera_detection/calibration.py to calibration.cpython-312.pyc
byte-compiling /home/aron-larsen/gigaProject/GigaProsjekt/install/camera_detection/lib/python3.12/site-packages/camera_detection/detection_node.py to detection_node.cpython-312.pyc
byte-compiling /home/aron-larsen/gigaProject/GigaProsjekt/install/camera_detection/lib/python3.12/site-packages/camera_detection/__init__.py to __init__.cpython-312.pyc
running install_data
creating /home/aron-larsen/gigaProject/GigaProsjekt/install/camera_detection/share/ament_index
creating /home/aron-larsen/gigaProject/GigaProsjekt/install/camera_detection/share/ament_index/resource_index
creating /home/aron-larsen/gigaProject/GigaProsjekt/install/camera_detection/share/ament_index/resource_index/packages
copying resource/camera_detection -> /home/aron-larsen/gigaProject/GigaProsjekt/install/camera_detection/share/ament_index/resource_index/packages
copying package.xml -> /home/aron-larsen/gigaProject/GigaProsjekt/install/camera_detection/share/camera_detection
running install_egg_info
Copying ../../../build/camera_detection/camera_detection.egg-info to /home/aron-larsen/gigaProject/GigaProsjekt/install/camera_detection/lib/python3.12/site-packages/camera_detection-0.0.0-py3.12.egg-info
running install_scripts
Installing calibration script to /home/aron-larsen/gigaProject/GigaProsjekt/install/camera_detection/lib/camera_detection
Installing detection_node script to /home/aron-larsen/gigaProject/GigaProsjekt/install/camera_detection/lib/camera_detection
writing list of installed files to '/home/aron-larsen/gigaProject/GigaProsjekt/build/camera_detection/install.log'
