[0.951s] Invoking command in '/home/aron-larsen/gigaProject/GigaProsjekt/ROSCode/src/camera_detection': DEBUGINFOD_URLS=https://debuginfod.ubuntu.com PYTHONPATH=/home/aron-larsen/gigaProject/GigaProsjekt/build/camera_detection/prefix_override:/usr/lib/python3/dist-packages/colcon_core/task/python/colcon_distutils_commands:/home/aron-larsen/gigaProject/GigaProsjekt/install/camera_detection/lib/python3.12/site-packages:${PYTHONPATH} /usr/bin/python3 -W ignore:setup.py install is deprecated -W ignore:easy_install command is deprecated setup.py egg_info --egg-base ../../../build/camera_detection build --build-base /home/aron-larsen/gigaProject/GigaProsjekt/build/camera_detection/build install --record /home/aron-larsen/gigaProject/GigaProsjekt/build/camera_detection/install.log --single-version-externally-managed install_data
[1.211s] running egg_info
[1.211s] creating ../../../build/camera_detection/camera_detection.egg-info
[1.230s] writing ../../../build/camera_detection/camera_detection.egg-info/PKG-INFO
[1.230s] writing dependency_links to ../../../build/camera_detection/camera_detection.egg-info/dependency_links.txt
[1.231s] writing entry points to ../../../build/camera_detection/camera_detection.egg-info/entry_points.txt
[1.231s] writing requirements to ../../../build/camera_detection/camera_detection.egg-info/requires.txt
[1.231s] writing top-level names to ../../../build/camera_detection/camera_detection.egg-info/top_level.txt
[1.231s] writing manifest file '../../../build/camera_detection/camera_detection.egg-info/SOURCES.txt'
[1.270s] reading manifest file '../../../build/camera_detection/camera_detection.egg-info/SOURCES.txt'
[1.271s] writing manifest file '../../../build/camera_detection/camera_detection.egg-info/SOURCES.txt'
[1.271s] running build
[1.271s] running build_py
[1.272s] creating /home/aron-larsen/gigaProject/GigaProsjekt/build/camera_detection/build
[1.272s] creating /home/aron-larsen/gigaProject/GigaProsjekt/build/camera_detection/build/lib
[1.272s] creating /home/aron-larsen/gigaProject/GigaProsjekt/build/camera_detection/build/lib/camera_detection
[1.272s] copying camera_detection/calibration.py -> /home/aron-larsen/gigaProject/GigaProsjekt/build/camera_detection/build/lib/camera_detection
[1.272s] copying camera_detection/detection_node.py -> /home/aron-larsen/gigaProject/GigaProsjekt/build/camera_detection/build/lib/camera_detection
[1.272s] copying camera_detection/__init__.py -> /home/aron-larsen/gigaProject/GigaProsjekt/build/camera_detection/build/lib/camera_detection
[1.272s] running install
[1.278s] running install_lib
[1.296s] creating /home/aron-larsen/gigaProject/GigaProsjekt/install/camera_detection/lib/python3.12/site-packages/camera_detection
[1.297s] copying /home/aron-larsen/gigaProject/GigaProsjekt/build/camera_detection/build/lib/camera_detection/calibration.py -> /home/aron-larsen/gigaProject/GigaProsjekt/install/camera_detection/lib/python3.12/site-packages/camera_detection
[1.297s] copying /home/aron-larsen/gigaProject/GigaProsjekt/build/camera_detection/build/lib/camera_detection/detection_node.py -> /home/aron-larsen/gigaProject/GigaProsjekt/install/camera_detection/lib/python3.12/site-packages/camera_detection
[1.297s] copying /home/aron-larsen/gigaProject/GigaProsjekt/build/camera_detection/build/lib/camera_detection/__init__.py -> /home/aron-larsen/gigaProject/GigaProsjekt/install/camera_detection/lib/python3.12/site-packages/camera_detection
[1.298s] byte-compiling /home/aron-larsen/gigaProject/GigaProsjekt/install/camera_detection/lib/python3.12/site-packages/camera_detection/calibration.py to calibration.cpython-312.pyc
[1.298s] byte-compiling /home/aron-larsen/gigaProject/GigaProsjekt/install/camera_detection/lib/python3.12/site-packages/camera_detection/detection_node.py to detection_node.cpython-312.pyc
[1.299s] byte-compiling /home/aron-larsen/gigaProject/GigaProsjekt/install/camera_detection/lib/python3.12/site-packages/camera_detection/__init__.py to __init__.cpython-312.pyc
[1.299s] running install_data
[1.299s] creating /home/aron-larsen/gigaProject/GigaProsjekt/install/camera_detection/share/ament_index
[1.299s] creating /home/aron-larsen/gigaProject/GigaProsjekt/install/camera_detection/share/ament_index/resource_index
[1.299s] creating /home/aron-larsen/gigaProject/GigaProsjekt/install/camera_detection/share/ament_index/resource_index/packages
[1.299s] copying resource/camera_detection -> /home/aron-larsen/gigaProject/GigaProsjekt/install/camera_detection/share/ament_index/resource_index/packages
[1.299s] copying package.xml -> /home/aron-larsen/gigaProject/GigaProsjekt/install/camera_detection/share/camera_detection
[1.300s] running install_egg_info
[1.321s] Copying ../../../build/camera_detection/camera_detection.egg-info to /home/aron-larsen/gigaProject/GigaProsjekt/install/camera_detection/lib/python3.12/site-packages/camera_detection-0.0.0-py3.12.egg-info
[1.322s] running install_scripts
[1.454s] Installing calibration script to /home/aron-larsen/gigaProject/GigaProsjekt/install/camera_detection/lib/camera_detection
[1.454s] Installing detection_node script to /home/aron-larsen/gigaProject/GigaProsjekt/install/camera_detection/lib/camera_detection
[1.455s] writing list of installed files to '/home/aron-larsen/gigaProject/GigaProsjekt/build/camera_detection/install.log'
[1.500s] Invoked command in '/home/aron-larsen/gigaProject/GigaProsjekt/ROSCode/src/camera_detection' returned '0': DEBUGINFOD_URLS=https://debuginfod.ubuntu.com PYTHONPATH=/home/aron-larsen/gigaProject/GigaProsjekt/build/camera_detection/prefix_override:/usr/lib/python3/dist-packages/colcon_core/task/python/colcon_distutils_commands:/home/aron-larsen/gigaProject/GigaProsjekt/install/camera_detection/lib/python3.12/site-packages:${PYTHONPATH} /usr/bin/python3 -W ignore:setup.py install is deprecated -W ignore:easy_install command is deprecated setup.py egg_info --egg-base ../../../build/camera_detection build --build-base /home/aron-larsen/gigaProject/GigaProsjekt/build/camera_detection/build install --record /home/aron-larsen/gigaProject/GigaProsjekt/build/camera_detection/install.log --single-version-externally-managed install_data
