[0.936s] Invoking command in '/home/aron-larsen/gigaProject/GigaProsjekt/ROSCode/src/camera_detection': DEBUGINFOD_URLS=https://debuginfod.ubuntu.com PYTHONPATH=/home/aron-larsen/gigaProject/GigaProsjekt/build/camera_detection/prefix_override:/usr/lib/python3/dist-packages/colcon_core/task/python/colcon_distutils_commands:/home/aron-larsen/gigaProject/GigaProsjekt/install/camera_detection/lib/python3.12/site-packages:${PYTHONPATH} /usr/bin/python3 -W ignore:setup.py install is deprecated -W ignore:easy_install command is deprecated setup.py egg_info --egg-base ../../../build/camera_detection build --build-base /home/aron-larsen/gigaProject/GigaProsjekt/build/camera_detection/build install --record /home/aron-larsen/gigaProject/GigaProsjekt/build/camera_detection/install.log --single-version-externally-managed install_data
[1.198s] running egg_info
[1.219s] writing ../../../build/camera_detection/camera_detection.egg-info/PKG-INFO
[1.219s] writing dependency_links to ../../../build/camera_detection/camera_detection.egg-info/dependency_links.txt
[1.220s] writing entry points to ../../../build/camera_detection/camera_detection.egg-info/entry_points.txt
[1.220s] writing requirements to ../../../build/camera_detection/camera_detection.egg-info/requires.txt
[1.220s] writing top-level names to ../../../build/camera_detection/camera_detection.egg-info/top_level.txt
[1.259s] reading manifest file '../../../build/camera_detection/camera_detection.egg-info/SOURCES.txt'
[1.260s] writing manifest file '../../../build/camera_detection/camera_detection.egg-info/SOURCES.txt'
[1.260s] running build
[1.260s] running build_py
[1.260s] running install
[1.266s] running install_lib
[1.285s] running install_data
[1.286s] running install_egg_info
[1.306s] removing '/home/aron-larsen/gigaProject/GigaProsjekt/install/camera_detection/lib/python3.12/site-packages/camera_detection-0.0.0-py3.12.egg-info' (and everything under it)
[1.306s] Copying ../../../build/camera_detection/camera_detection.egg-info to /home/aron-larsen/gigaProject/GigaProsjekt/install/camera_detection/lib/python3.12/site-packages/camera_detection-0.0.0-py3.12.egg-info
[1.308s] running install_scripts
[1.443s] Installing calibration script to /home/aron-larsen/gigaProject/GigaProsjekt/install/camera_detection/lib/camera_detection
[1.443s] Installing detection_node script to /home/aron-larsen/gigaProject/GigaProsjekt/install/camera_detection/lib/camera_detection
[1.444s] writing list of installed files to '/home/aron-larsen/gigaProject/GigaProsjekt/build/camera_detection/install.log'
[1.487s] Invoked command in '/home/aron-larsen/gigaProject/GigaProsjekt/ROSCode/src/camera_detection' returned '0': DEBUGINFOD_URLS=https://debuginfod.ubuntu.com PYTHONPATH=/home/aron-larsen/gigaProject/GigaProsjekt/build/camera_detection/prefix_override:/usr/lib/python3/dist-packages/colcon_core/task/python/colcon_distutils_commands:/home/aron-larsen/gigaProject/GigaProsjekt/install/camera_detection/lib/python3.12/site-packages:${PYTHONPATH} /usr/bin/python3 -W ignore:setup.py install is deprecated -W ignore:easy_install command is deprecated setup.py egg_info --egg-base ../../../build/camera_detection build --build-base /home/aron-larsen/gigaProject/GigaProsjekt/build/camera_detection/build install --record /home/aron-larsen/gigaProject/GigaProsjekt/build/camera_detection/install.log --single-version-externally-managed install_data
