running egg_info
writing ../../../build/camera_detection/camera_detection.egg-info/PKG-INFO
writing dependency_links to ../../../build/camera_detection/camera_detection.egg-info/dependency_links.txt
writing entry points to ../../../build/camera_detection/camera_detection.egg-info/entry_points.txt
writing requirements to ../../../build/camera_detection/camera_detection.egg-info/requires.txt
writing top-level names to ../../../build/camera_detection/camera_detection.egg-info/top_level.txt
reading manifest file '../../../build/camera_detection/camera_detection.egg-info/SOURCES.txt'
writing manifest file '../../../build/camera_detection/camera_detection.egg-info/SOURCES.txt'
running build
running build_py
copying camera_detection/calibration.py -> /home/aron-larsen/gigaProject/GigaProsjekt/build/camera_detection/build/lib/camera_detection
running install
running install_lib
copying /home/aron-larsen/gigaProject/GigaProsjekt/build/camera_detection/build/lib/camera_detection/calibration.py -> /home/aron-larsen/gigaProject/GigaProsjekt/install/camera_detection/lib/python3.12/site-packages/camera_detection
byte-compiling /home/aron-larsen/gigaProject/GigaProsjekt/install/camera_detection/lib/python3.12/site-packages/camera_detection/calibration.py to calibration.cpython-312.pyc
running install_data
running install_egg_info
removing '/home/aron-larsen/gigaProject/GigaProsjekt/install/camera_detection/lib/python3.12/site-packages/camera_detection-0.0.0-py3.12.egg-info' (and everything under it)
Copying ../../../build/camera_detection/camera_detection.egg-info to /home/aron-larsen/gigaProject/GigaProsjekt/install/camera_detection/lib/python3.12/site-packages/camera_detection-0.0.0-py3.12.egg-info
running install_scripts
Installing calibration script to /home/aron-larsen/gigaProject/GigaProsjekt/install/camera_detection/lib/camera_detection
Installing detection_node script to /home/aron-larsen/gigaProject/GigaProsjekt/install/camera_detection/lib/camera_detection
writing list of installed files to '/home/aron-larsen/gigaProject/GigaProsjekt/build/camera_detection/install.log'
